<?xml version="1.0" encoding="UTF-8"?>
<testng-results skipped="0" failed="0" ignored="0" total="1" passed="1">
  <reporter-output>
  </reporter-output>
  <suite name="TestClass" duration-ms="8478" started-at="2019-08-10T12:52:18Z" finished-at="2019-08-10T12:52:27Z">
    <groups>
    </groups>
    <test name="Command line test" duration-ms="8478" started-at="2019-08-10T12:52:18Z" finished-at="2019-08-10T12:52:27Z">
      <class name="TestClass">
        <test-method status="PASS" signature="test_02()[pri:0, instance:TestClass@797badd3]" name="test_02" duration-ms="8391" started-at="2019-08-10T12:52:18Z" finished-at="2019-08-10T12:52:27Z">
          <reporter-output>
          </reporter-output>
        </test-method> <!-- test_02 -->
      </class> <!-- TestClass -->
    </test> <!-- Command line test -->
  </suite> <!-- TestClass -->
</testng-results>
