<?xml version="1.0" encoding="UTF-8"?>
<testng-results skipped="0" failed="0" ignored="0" total="1" passed="1">
  <reporter-output>
  </reporter-output>
  <suite name="Suite from xml" duration-ms="8991" started-at="2019-08-10T13:30:16Z" finished-at="2019-08-10T13:30:25Z">
    <groups>
    </groups>
    <test name="Test from xml" duration-ms="8991" started-at="2019-08-10T13:30:16Z" finished-at="2019-08-10T13:30:25Z">
      <class name="TestClass">
        <test-method status="PASS" signature="test_02()[pri:0, instance:TestClass@5db45159]" name="test_02" duration-ms="8910" started-at="2019-08-10T13:30:16Z" finished-at="2019-08-10T13:30:25Z">
          <reporter-output>
          </reporter-output>
        </test-method> <!-- test_02 -->
      </class> <!-- TestClass -->
    </test> <!-- Test from xml -->
  </suite> <!-- Suite from xml -->
</testng-results>
